Arguments: 
  /usr/bin/node /usr/bin/yarn

PATH: 
  /home/zhangj/.local/bin:/home/zhangj/.local/bin:/usr/local/sbin:/usr/local/bin:/usr/bin:/usr/lib/jvm/default/bin:/usr/bin/site_perl:/usr/bin/vendor_perl:/usr/bin/core_perl:/var/lib/snapd/snap/bin:/usr/lib/jvm/default/bin:/usr/bin/site_perl:/usr/bin/vendor_perl:/usr/bin/core_perl

Yarn version: 
  1.19.1

Node version: 
  12.13.0

Platform: 
  linux x64

Trace: 
  Error: https://registry.yarnpkg.com/antd/-/antd-3.26.3.tgz: unexpected end of file
      at Zlib.zlibOnError [as onerror] (zlib.js:170:17)

npm manifest: 
  {
    "name": "kotomi",
    "version": "0.0.1",
    "description": "",
    "scripts": {
      "start": "start-storybook -p 3000",
      "build:typedoc": "typedoc --out build/docs/typedoc",
      "build:storybook": "build-storybook -o docs/storybook/"
    },
    "keywords": [],
    "author": "zhangj",
    "license": "MIT",
    "devDependencies": {
      "@babel/core": "^7.7.4",
      "@storybook/addon-actions": "^5.2.8",
      "@storybook/addon-console": "^1.2.1",
      "@storybook/addon-links": "^5.2.8",
      "@storybook/addons": "^5.2.8",
      "@storybook/preset-ant-design": "^0.0.1",
      "@storybook/preset-typescript": "^1.1.0",
      "@storybook/react": "^5.2.8",
      "@types/jest": "^24.0.23",
      "babel-loader": "^8.0.6",
      "jest": "^24.9.0",
      "react-docgen-typescript-loader": "^3.6.0",
      "ts-jest": "^24.2.0",
      "ts-loader": "^6.2.1",
      "typedoc": "^0.15.3",
      "typescript": "^3.7.2"
    },
    "dependencies": {
      "antd": "^3.26.3",
      "react": "^16.12.0",
      "react-dom": "^16.12.0"
    }
  }

yarn manifest: 
  No manifest

Lockfile: 
  No lockfile
